[25-Nov-2025 14:12:43 UTC] Automatic updates starting...
[25-Nov-2025 14:12:44 UTC]   Automatic plugin updates starting...
[25-Nov-2025 14:12:44 UTC]   Automatic plugin updates complete.
[25-Nov-2025 14:12:45 UTC] Automatic updates complete.
[26-Nov-2025 07:35:07 UTC] Automatic updates starting...
[26-Nov-2025 07:35:07 UTC]   Automatic plugin updates starting...
[26-Nov-2025 07:35:07 UTC]   Automatic plugin updates complete.
[26-Nov-2025 07:35:07 UTC] Automatic updates complete.
[26-Nov-2025 13:10:43 UTC] WordPress database error <div style="clear:both">&nbsp;</div>
<div class="queries" style="clear:both;margin-bottom:2px;border:red dotted thin;">
<p>MySQL query:</p>
<p>UPDATE `wp_options` SET `option_value` = '1764162642.3870000839233398437500' WHERE `option_name` = '_transient_doing_cron'</p>
<p>Queries made or created this session were:</p>
<ol>
<li>Executing: BEGIN IMMEDIATE | (no parameters)</li>
<li>Executing: SELECT 1 FROM sqlite_temp_schema WHERE type = &#039;table&#039; AND name = ? | parameters: wp_options</li>
<li>Executing: 
				SELECT LOWER(column_name) AS COLUMN_NAME, is_nullable, data_type, column_default
				FROM `_wp_sqlite_mysql_information_schema_columns`
				WHERE table_schema = ?
				AND table_name = ?
			 | parameters: sqlite_database, wp_options</li>
<li>Executing: UPDATE `wp_options` SET `option_value` = COALESCE(CAST(&#039;1764162642.3870000839233398437500&#039; AS TEXT), &#039;&#039;) WHERE `option_name` = &#039;_transient_doing_cron&#039; | (no parameters)</li>
<li>Executing: SELECT CHANGES() | (no parameters)</li>
<li>Executing: COMMIT | (no parameters)</li>
</ol>
</div>
<div style="clear:both;margin-bottom:2px;border:red dotted thin;" class="error_message" style="border-bottom:dotted blue thin;">
SQLSTATE[HY000]: General error: 10 disk I/O error
</div>
<p>Backtrace:</p>
<pre>#0 /wordpress/wp-content/mu-plugins/sqlite-database-integration/wp-includes/sqlite-ast/class-wp-sqlite-driver.php(832): WP_SQLite_Driver->new_driver_exception('SQLSTATE[HY000]...', 'HY000', Object(PDOException))
#1 /wordpress/wp-content/mu-plugins/sqlite-database-integration/wp-includes/sqlite/class-wp-sqlite-db.php(537): WP_SQLite_Driver->query('UPDATE `wp_opti...')
#2 /wordpress/wp-content/mu-plugins/sqlite-database-integration/wp-includes/sqlite/class-wp-sqlite-db.php(449): WP_SQLite_DB->_do_query('UPDATE `wp_opti...')
#3 /wordpress/wp-includes/class-wpdb.php(2720): WP_SQLite_DB->query('UPDATE `wp_opti...')
#4 /wordpress/wp-includes/option.php(964): wpdb->update('wp_options', Array, Array)
#5 /wordpress/wp-includes/option.php(1574): update_option('_transient_doin...', '1764162642.3870...')
#6 /wordpress/wp-includes/cron.php(931): set_transient('doing_cron', '1764162642.3870...')
#7 /wordpress/wp-includes/cron.php(1049): spawn_cron(1764162642.387)
#8 /wordpress/wp-includes/class-wp-hook.php(324): _wp_cron('')
#9 /wordpress/wp-includes/class-wp-hook.php(348): WP_Hook->apply_filters(NULL, Array)
#10 /wordpress/wp-includes/plugin.php(517): WP_Hook->do_action(Array)
#11 /wordpress/wp-settings.php(749): do_action('wp_loaded')
#12 /wordpress/wp-config.php(102): require_once('/wordpress/wp-s...')
#13 /wordpress/wp-load.php(50): require_once('/wordpress/wp-c...')
#14 /internal/eval.php(2): require_once('/wordpress/wp-l...')
#15 {main}</pre>
 for query UPDATE `wp_options` SET `option_value` = '1764162642.3870000839233398437500' WHERE `option_name` = '_transient_doing_cron' made by require_once('wp-load.php'), require_once('wp-config.php'), require_once('wp-settings.php'), do_action('wp_loaded'), WP_Hook->do_action, WP_Hook->apply_filters, _wp_cron, spawn_cron, set_transient, update_option, WP_SQLite_DB->query, WP_SQLite_DB->print_error
